{"/Users/hackyourfuture/Desktop/hyf/Node.js-class38/homework/hackyourtemperature/app.js": {"path":"/Users/hackyourfuture/Desktop/hyf/Node.js-class38/homework/hackyourtemperature/app.js","statementMap":{"0":{"start":{"line":5,"column":12},"end":{"line":5,"column":21}},"1":{"start":{"line":7,"column":0},"end":{"line":7,"column":24}},"2":{"start":{"line":8,"column":0},"end":{"line":8,"column":49}},"3":{"start":{"line":10,"column":0},"end":{"line":10,"column":26}},"4":{"start":{"line":11,"column":0},"end":{"line":11,"column":37}}},"fnMap":{},"branchMap":{},"s":{"0":1,"1":1,"2":1,"3":1,"4":1},"f":{},"b":{},"_coverageSchema":"1a1c01bbd47fc00a2c39e90264f33305004495a9","hash":"c35767c0c8e4842ad6bceb62f5cb864aef97d2cc"}
,"/Users/hackyourfuture/Desktop/hyf/Node.js-class38/homework/hackyourtemperature/controllers/home.js": {"path":"/Users/hackyourfuture/Desktop/hyf/Node.js-class38/homework/hackyourtemperature/controllers/home.js","statementMap":{"0":{"start":{"line":1,"column":27},"end":{"line":3,"column":1}},"1":{"start":{"line":2,"column":2},"end":{"line":2,"column":46}}},"fnMap":{"0":{"name":"(anonymous_0)","decl":{"start":{"line":1,"column":27},"end":{"line":1,"column":28}},"loc":{"start":{"line":1,"column":41},"end":{"line":3,"column":1}},"line":1}},"branchMap":{},"s":{"0":1,"1":0},"f":{"0":0},"b":{},"_coverageSchema":"1a1c01bbd47fc00a2c39e90264f33305004495a9","hash":"6e8d69bdd67ea5f47ab0a9d049fe9d6cb24c005c"}
,"/Users/hackyourfuture/Desktop/hyf/Node.js-class38/homework/hackyourtemperature/controllers/weather.js": {"path":"/Users/hackyourfuture/Desktop/hyf/Node.js-class38/homework/hackyourtemperature/controllers/weather.js","statementMap":{"0":{"start":{"line":4,"column":30},"end":{"line":19,"column":1}},"1":{"start":{"line":5,"column":23},"end":{"line":5,"column":31}},"2":{"start":{"line":6,"column":19},"end":{"line":8,"column":3}},"3":{"start":{"line":9,"column":22},"end":{"line":9,"column":43}},"4":{"start":{"line":10,"column":2},"end":{"line":18,"column":3}},"5":{"start":{"line":11,"column":4},"end":{"line":11,"column":55}},"6":{"start":{"line":13,"column":4},"end":{"line":17,"column":8}}},"fnMap":{"0":{"name":"(anonymous_0)","decl":{"start":{"line":4,"column":30},"end":{"line":4,"column":31}},"loc":{"start":{"line":4,"column":50},"end":{"line":19,"column":1}},"line":4}},"branchMap":{"0":{"loc":{"start":{"line":10,"column":2},"end":{"line":18,"column":3}},"type":"if","locations":[{"start":{"line":10,"column":2},"end":{"line":18,"column":3}},{"start":{"line":12,"column":9},"end":{"line":18,"column":3}}],"line":10}},"s":{"0":1,"1":2,"2":2,"3":2,"4":2,"5":1,"6":1},"f":{"0":2},"b":{"0":[1,1]},"_coverageSchema":"1a1c01bbd47fc00a2c39e90264f33305004495a9","hash":"0e36eac41ab401ac122a4356efbd4379137de0b5"}
,"/Users/hackyourfuture/Desktop/hyf/Node.js-class38/homework/hackyourtemperature/sources/keys.js": {"path":"/Users/hackyourfuture/Desktop/hyf/Node.js-class38/homework/hackyourtemperature/sources/keys.js","statementMap":{"0":{"start":{"line":1,"column":20},"end":{"line":3,"column":1}}},"fnMap":{},"branchMap":{},"s":{"0":1},"f":{},"b":{},"_coverageSchema":"1a1c01bbd47fc00a2c39e90264f33305004495a9","hash":"9f16b1a1051fb5e2c053a5f17223bd2f7e4091ce"}
}
